{"name": "Тест на проверку перехода Яндекс", "status": "broken", "statusDetails": {"message": "selenium.common.exceptions.TimeoutException: Message: \nStacktrace:\nRemoteError@chrome://remote/content/shared/RemoteError.sys.mjs:8:8\nWebDriverError@chrome://remote/content/shared/webdriver/Errors.sys.mjs:199:5\nNoSuchElementError@chrome://remote/content/shared/webdriver/Errors.sys.mjs:552:5\ndom.find/</<@chrome://remote/content/shared/DOM.sys.mjs:136:16", "trace": "self = <tests.test_redirect.TestRedirect object at 0x10233ac50>, driver = <selenium.webdriver.firefox.webdriver.WebDriver (session=\"03c5e172-749a-4206-9bdb-c97b01608976\")>\n\n    @allure.title('Тест на проверку перехода Яндекс')\n    def test_redirect_yandex(self,driver):\n        redirect_page = RedirectPage(driver)\n        redirect_page.go_to_url(Data.URL_ORDER_PAGE)\n>       element = redirect_page.click_to_logo_yandex()\n\npage_object/tests/test_redirect.py:19: \n_ _ _ _ _ _ _ _ _ _ _ _ _ _ _ _ _ _ _ _ _ _ _ _ _ _ _ _ _ _ _ _ _ _ _ _ _ _ _ _ _ _ _ _ _ _ _ _ _ _ _ _ _ _ _ _ _ _ _ _ _ _ _ _ _ _ _ _ _ _ _ _ _ _ _ _ _ _ _ _ _ _ _ _ _ _ _ \npage_object/pages/redirect_page.py:16: in click_to_logo_yandex\n    return self.find_element_with_wait(RedirectPageLocators.FIND_BUTTON_ON_YANDEX_PAGE)\npage_object/pages/base_page.py:12: in find_element_with_wait\n    WebDriverWait(self.driver, Data.TIMEOUT).until(ec.visibility_of_element_located(locator))\n_ _ _ _ _ _ _ _ _ _ _ _ _ _ _ _ _ _ _ _ _ _ _ _ _ _ _ _ _ _ _ _ _ _ _ _ _ _ _ _ _ _ _ _ _ _ _ _ _ _ _ _ _ _ _ _ _ _ _ _ _ _ _ _ _ _ _ _ _ _ _ _ _ _ _ _ _ _ _ _ _ _ _ _ _ _ _ \n\nself = <selenium.webdriver.support.wait.WebDriverWait (session=\"03c5e172-749a-4206-9bdb-c97b01608976\")>\nmethod = <function visibility_of_element_located.<locals>._predicate at 0x102797ec0>, message = ''\n\n    def until(self, method: Callable[[D], Union[Literal[False], T]], message: str = \"\") -> T:\n        \"\"\"Wait until the method returns a value that is not False.\n    \n        Calls the method provided with the driver as an argument until the\n        return value does not evaluate to ``False``.\n    \n        Parameters:\n        -----------\n        method: callable(WebDriver)\n            - A callable object that takes a WebDriver instance as an argument.\n    \n        message: str\n            - Optional message for :exc:`TimeoutException`\n    \n        Return:\n        -------\n        object: T\n            - The result of the last call to `method`\n    \n        Raises:\n        -------\n        TimeoutException\n            - If 'method' does not return a truthy value within the WebDriverWait\n            object's timeout\n    \n        Example:\n        --------\n        >>> from selenium.webdriver.common.by import By\n        >>> from selenium.webdriver.support.ui import WebDriverWait\n        >>> from selenium.webdriver.support import expected_conditions as EC\n    \n        # Wait until an element is visible on the page\n        >>> wait = WebDriverWait(driver, 10)\n        >>> element = wait.until(EC.visibility_of_element_located((By.ID, \"exampleId\")))\n        >>> print(element.text)\n        \"\"\"\n        screen = None\n        stacktrace = None\n    \n        end_time = time.monotonic() + self._timeout\n        while True:\n            try:\n                value = method(self._driver)\n                if value:\n                    return value\n            except self._ignored_exceptions as exc:\n                screen = getattr(exc, \"screen\", None)\n                stacktrace = getattr(exc, \"stacktrace\", None)\n            if time.monotonic() > end_time:\n                break\n            time.sleep(self._poll)\n>       raise TimeoutException(message, screen, stacktrace)\nE       selenium.common.exceptions.TimeoutException: Message: \nE       Stacktrace:\nE       RemoteError@chrome://remote/content/shared/RemoteError.sys.mjs:8:8\nE       WebDriverError@chrome://remote/content/shared/webdriver/Errors.sys.mjs:199:5\nE       NoSuchElementError@chrome://remote/content/shared/webdriver/Errors.sys.mjs:552:5\nE       dom.find/</<@chrome://remote/content/shared/DOM.sys.mjs:136:16\n\n.venv/lib/python3.11/site-packages/selenium/webdriver/support/wait.py:146: TimeoutException"}, "steps": [{"name": "Проверяем переход по лого Яндекс", "status": "broken", "statusDetails": {"message": "selenium.common.exceptions.TimeoutException: Message: \nStacktrace:\nRemoteError@chrome://remote/content/shared/RemoteError.sys.mjs:8:8\nWebDriverError@chrome://remote/content/shared/webdriver/Errors.sys.mjs:199:5\nNoSuchElementError@chrome://remote/content/shared/webdriver/Errors.sys.mjs:552:5\ndom.find/</<@chrome://remote/content/shared/DOM.sys.mjs:136:16\n\n", "trace": "  File \"/Users/andreyshnyrin/PycharmProjects/Sprint_6/.venv/lib/python3.11/site-packages/allure_commons/_allure.py\", line 202, in impl\n    return func(*a, **kw)\n           ^^^^^^^^^^^^^^\n  File \"/Users/andreyshnyrin/PycharmProjects/Sprint_6/page_object/pages/redirect_page.py\", line 16, in click_to_logo_yandex\n    return self.find_element_with_wait(RedirectPageLocators.FIND_BUTTON_ON_YANDEX_PAGE)\n           ^^^^^^^^^^^^^^^^^^^^^^^^^^^^^^^^^^^^^^^^^^^^^^^^^^^^^^^^^^^^^^^^^^^^^^^^^^^^\n  File \"/Users/andreyshnyrin/PycharmProjects/Sprint_6/page_object/pages/base_page.py\", line 12, in find_element_with_wait\n    WebDriverWait(self.driver, Data.TIMEOUT).until(ec.visibility_of_element_located(locator))\n  File \"/Users/andreyshnyrin/PycharmProjects/Sprint_6/.venv/lib/python3.11/site-packages/selenium/webdriver/support/wait.py\", line 146, in until\n    raise TimeoutException(message, screen, stacktrace)\n"}, "steps": [{"name": "Переход на новую вкладку", "status": "passed", "start": 1747316590155, "stop": 1747316590158}], "start": 1747316589869, "stop": 1747316593251}], "start": 1747316588962, "stop": 1747316593257, "uuid": "2084b2bf-d8ef-40bf-991b-e0fbc92d4fa9", "historyId": "8190ea5157f79bcadd692808c5f4b96f", "testCaseId": "8190ea5157f79bcadd692808c5f4b96f", "fullName": "page_object.tests.test_redirect.TestRedirect#test_redirect_yandex", "labels": [{"name": "parentSuite", "value": "page_object.tests"}, {"name": "suite", "value": "test_redirect"}, {"name": "subSuite", "value": "TestRedirect"}, {"name": "host", "value": "MacBook-Pro-Andrej.local"}, {"name": "thread", "value": "64989-MainThread"}, {"name": "framework", "value": "pytest"}, {"name": "language", "value": "cpython3"}, {"name": "package", "value": "page_object.tests.test_redirect"}]}